Build started 7/21/2012 2:28:14 PM.
Project "C:\Users\AppSec\Desktop\AppSec\SrcAudit\labs\Lab3 - warm up with C++\VirtualFuncs\VirtualFuncs\VirtualFuncs.vcxproj" on node 2 (build target(s)).
PrepareForBuild:
  Creating directory "C:\Users\AppSec\Desktop\AppSec\SrcAudit\labs\Lab3 - warm up with C++\VirtualFuncs\Debug\".
InitializeBuildStatus:
  Creating "Debug\VirtualFuncs.unsuccessfulbuild" because "AlwaysCreate" was specified.
ClCompile:
  C:\Program Files\Microsoft Visual Studio 10.0\VC\bin\CL.exe /c /ZI /nologo /W3 /WX- /Od /Oy- /D WIN32 /D _DEBUG /D _CONSOLE /D _UNICODE /D UNICODE /Gm /EHsc /RTC1 /MDd /GS /fp:precise /Zc:wchar_t /Zc:forScope /Yc"StdAfx.h" /Fp"Debug\VirtualFuncs.pch" /Fo"Debug\\" /Fd"Debug\vc100.pdb" /Gd /TP /analyze- /errorReport:prompt stdafx.cpp
C:\Program Files\MSBuild\Microsoft.Cpp\v4.0\Platforms\Win32\Microsoft.Cpp.Win32.Targets(57,5): error : Required file "" is missing.
Done Building Project "C:\Users\AppSec\Desktop\AppSec\SrcAudit\labs\Lab3 - warm up with C++\VirtualFuncs\VirtualFuncs\VirtualFuncs.vcxproj" (build target(s)) -- FAILED.

Build FAILED.

Time Elapsed 00:00:00.79
